<?xml version="1.0" encoding="UTF-8"?>
<!-- Generated by org.testng.reporters.JUnitXMLReporter -->
<testsuite ignored="0" hostname="RANJIT" failures="1" tests="1" name="Test" time="1.906" errors="0" timestamp="2023-02-20T19:25:13 IST">
  <testcase classname="demo.TestCase" name="verifyLoginWithCorrectCred" time="1.64">
    <failure type="org.testng.internal.reflect.MethodMatcherException" message="
[public void demo.TestCase.verifyLoginWithCorrectCred(java.lang.String,java.lang.String,java.lang.String) throws java.lang.InterruptedException] has no parameters defined but was found to be using a data provider (either explicitly specified or inherited from class level annotation).
Data provider mismatch
Method: verifyLoginWithCorrectCred([Parameter{index=0, type=java.lang.String, declaredAnnotations=[]}, Parameter{index=1, type=java.lang.String, declaredAnnotations=[]}, Parameter{index=2, type=java.lang.String, declaredAnnotations=[]}])
Arguments: [(java.lang.String) 1,(java.lang.String) amarwaghmare573@gmail.com,(java.lang.String) Test@1234,(java.lang.String) Passed]">
      <![CDATA[org.testng.internal.reflect.MethodMatcherException: 
[public void demo.TestCase.verifyLoginWithCorrectCred(java.lang.String,java.lang.String,java.lang.String) throws java.lang.InterruptedException] has no parameters defined but was found to be using a data provider (either explicitly specified or inherited from class level annotation).
Data provider mismatch
Method: verifyLoginWithCorrectCred([Parameter{index=0, type=java.lang.String, declaredAnnotations=[]}, Parameter{index=1, type=java.lang.String, declaredAnnotations=[]}, Parameter{index=2, type=java.lang.String, declaredAnnotations=[]}])
Arguments: [(java.lang.String) 1,(java.lang.String) amarwaghmare573@gmail.com,(java.lang.String) Test@1234,(java.lang.String) Passed]
at java.base/java.util.ArrayList.forEach(ArrayList.java:1511)
... Removed 22 stack frames]]>
    </failure>
  </testcase> <!-- verifyLoginWithCorrectCred -->
</testsuite> <!-- Test -->
